<?xml version="1.0" encoding="UTF-8"?>
<!-- Generated by org.testng.reporters.JUnitReportReporter -->
<testsuite skipped="0" hostname="ARPGL007078" name="project_1.project_1.TC_09_WebElement_isEnabled" tests="1" failures="0" timestamp="02 Dec 2021 15:28:42 GMT" time="21.899" errors="0">
  <testcase name="login_test" time="21.899" classname="project_1.project_1.TC_09_WebElement_isEnabled"/>
</testsuite> <!-- project_1.project_1.TC_09_WebElement_isEnabled -->
