<?xml version="1.0" encoding="UTF-8"?>
<!-- Generated by org.testng.reporters.JUnitReportReporter -->
<testsuite skipped="0" hostname="ARPGL007078" name="project_1.project_1.TC_18_Switch_Between_Windows" tests="1" failures="0" timestamp="04 Dec 2021 00:38:44 GMT" time="31.498" errors="0">
  <testcase name="Login_Test_1" time="31.498" classname="project_1.project_1.TC_18_Switch_Between_Windows"/>
</testsuite> <!-- project_1.project_1.TC_18_Switch_Between_Windows -->
