<?xml version="1.0" encoding="UTF-8"?>
<!-- Generated by org.testng.reporters.JUnitReportReporter -->
<testsuite skipped="0" hostname="ARPGL007078" name="different_locators.TC_04_Link_Text" tests="1" failures="0" timestamp="03 Dec 2021 07:35:42 GMT" time="33.671" errors="0">
  <testcase name="testTC02" time="33.671" classname="different_locators.TC_04_Link_Text"/>
</testsuite> <!-- different_locators.TC_04_Link_Text -->
