<?xml version="1.0" encoding="UTF-8"?>
<!-- Generated by org.testng.reporters.JUnitReportReporter -->
<testsuite skipped="0" hostname="ARPGL007078" name="Page_factory_model.TC_12_Add_Nationalities" tests="1" failures="0" timestamp="06 Dec 2021 17:30:53 GMT" time="57.036" errors="0">
  <testcase name="TC_12_Nationalities" time="57.036" classname="Page_factory_model.TC_12_Add_Nationalities"/>
</testsuite> <!-- Page_factory_model.TC_12_Add_Nationalities -->
