<?xml version="1.0" encoding="UTF-8"?>
<!-- Generated by org.testng.reporters.JUnitReportReporter -->
<testsuite skipped="0" hostname="ARPGL007078" name="project_1.project_1.TC_03_Driver_Navigate_back" tests="1" failures="0" timestamp="02 Dec 2021 07:44:04 GMT" time="20.725" errors="0">
  <testcase name="login_test" time="20.725" classname="project_1.project_1.TC_03_Driver_Navigate_back"/>
</testsuite> <!-- project_1.project_1.TC_03_Driver_Navigate_back -->
