<?xml version="1.0" encoding="UTF-8"?>
<!-- Generated by org.testng.reporters.JUnitReportReporter -->
<testsuite skipped="0" hostname="ARPGL007078" name="different_locators.TC_07_className" tests="1" failures="0" timestamp="03 Dec 2021 08:16:20 GMT" time="22.166" errors="0">
  <testcase name="Test2" time="22.166" classname="different_locators.TC_07_className"/>
</testsuite> <!-- different_locators.TC_07_className -->
