<?xml version="1.0" encoding="UTF-8"?>
<!-- Generated by org.testng.reporters.JUnitReportReporter -->
<testsuite skipped="1" hostname="ARPGL007078" name="data_driven_testing.TC_01_Add_Nationality" tests="1" failures="0" timestamp="03 Dec 2021 21:27:35 GMT" time="0.000" errors="0">
  <testcase name="Test1" time="0.000" classname="data_driven_testing.TC_01_Add_Nationality">
    <skipped/>
  </testcase> <!-- Test1 -->
</testsuite> <!-- data_driven_testing.TC_01_Add_Nationality -->
