<?xml version="1.0" encoding="UTF-8"?>
<!-- Generated by org.testng.reporters.JUnitReportReporter -->
<testsuite skipped="0" hostname="ARPGL007078" name="project_1.project_1.TC_12_Add_Nationality_function" tests="2" failures="0" timestamp="03 Dec 2021 16:39:04 GMT" time="83.710" errors="0">
  <testcase name="Test1" time="42.630" classname="project_1.project_1.TC_12_Add_Nationality_function"/>
  <testcase name="Test1" time="41.080" classname="project_1.project_1.TC_12_Add_Nationality_function"/>
</testsuite> <!-- project_1.project_1.TC_12_Add_Nationality_function -->
