<?xml version="1.0" encoding="UTF-8"?>
<!-- Generated by org.testng.reporters.JUnitReportReporter -->
<testsuite skipped="0" hostname="ARPGL007078" name="project_1.project_1.TC_15_Mouse_Click_option" tests="1" failures="0" timestamp="03 Dec 2021 23:58:40 GMT" time="34.096" errors="0">
  <testcase name="Login_Test" time="34.096" classname="project_1.project_1.TC_15_Mouse_Click_option"/>
</testsuite> <!-- project_1.project_1.TC_15_Mouse_Click_option -->
