<?xml version="1.0" encoding="UTF-8"?>
<!-- Generated by org.testng.reporters.JUnitReportReporter -->
<testsuite skipped="0" hostname="ARPGL007078" name="different_locators.TC_001_id" tests="1" failures="0" timestamp="03 Dec 2021 07:14:37 GMT" time="37.774" errors="0">
  <testcase name="Test2" time="37.774" classname="different_locators.TC_001_id"/>
</testsuite> <!-- different_locators.TC_001_id -->
