<?xml version="1.0" encoding="UTF-8"?>
<!-- Generated by org.testng.reporters.JUnitReportReporter -->
<testsuite skipped="0" hostname="ARPGL007078" name="project_1.project_1.TC_04_Driver_Navigate_Forward" tests="1" failures="0" timestamp="02 Dec 2021 07:51:24 GMT" time="25.012" errors="0">
  <testcase name="login_test" time="25.012" classname="project_1.project_1.TC_04_Driver_Navigate_Forward"/>
</testsuite> <!-- project_1.project_1.TC_04_Driver_Navigate_Forward -->
