<?xml version="1.0" encoding="UTF-8"?>
<!-- Generated by org.testng.reporters.JUnitReportReporter -->
<testsuite skipped="0" hostname="ARPGL007078" name="project_1.project_1.TC_14_Single_user_action" tests="1" failures="0" timestamp="03 Dec 2021 23:47:36 GMT" time="26.643" errors="0">
  <testcase name="Login_Test" time="26.643" classname="project_1.project_1.TC_14_Single_user_action"/>
</testsuite> <!-- project_1.project_1.TC_14_Single_user_action -->
