<?xml version="1.0" encoding="UTF-8"?>
<!-- Generated by org.testng.reporters.JUnitReportReporter -->
<testsuite skipped="0" hostname="ARPGL007078" name="Extent_Reports.TC_01_Test_Report" tests="1" failures="0" timestamp="06 Dec 2021 08:38:49 GMT" time="16.641" errors="0">
  <testcase name="Report3_Test" time="16.641" classname="Extent_Reports.TC_01_Test_Report"/>
</testsuite> <!-- Extent_Reports.TC_01_Test_Report -->
