<?xml version="1.0" encoding="UTF-8"?>
<!-- Generated by org.testng.reporters.JUnitReportReporter -->
<testsuite skipped="0" hostname="ARPGL007078" name="different_locators.TC_08_tagName" tests="1" failures="0" timestamp="03 Dec 2021 08:21:31 GMT" time="27.421" errors="0">
  <testcase name="Test2" time="27.421" classname="different_locators.TC_08_tagName"/>
</testsuite> <!-- different_locators.TC_08_tagName -->
