<?xml version="1.0" encoding="UTF-8"?>
<!-- Generated by org.testng.reporters.JUnitReportReporter -->
<testsuite skipped="0" hostname="ARPGL007078" name="project_1.project_1.TC_10_WebElement_isSelected" tests="1" failures="0" timestamp="02 Dec 2021 09:24:58 GMT" time="13.563" errors="0">
  <testcase name="login_test" time="13.563" classname="project_1.project_1.TC_10_WebElement_isSelected"/>
</testsuite> <!-- project_1.project_1.TC_10_WebElement_isSelected -->
