<?xml version="1.0" encoding="UTF-8"?>
<!-- Generated by org.testng.reporters.JUnitReportReporter -->
<testsuite skipped="0" hostname="ARPGL007078" name="project_1.project_1.TC_05_Driver_Get_Commands" tests="1" failures="0" timestamp="02 Dec 2021 07:58:43 GMT" time="8.452" errors="0">
  <testcase name="login_test" time="8.452" classname="project_1.project_1.TC_05_Driver_Get_Commands"/>
</testsuite> <!-- project_1.project_1.TC_05_Driver_Get_Commands -->
