<?xml version="1.0" encoding="UTF-8"?>
<!-- Generated by org.testng.reporters.JUnitReportReporter -->
<testsuite skipped="0" hostname="ARPGL007078" name="project_1.project_1.TC_17_Open_New_Tab" tests="1" failures="0" timestamp="04 Dec 2021 00:27:14 GMT" time="34.395" errors="0">
  <testcase name="Login_Test" time="34.395" classname="project_1.project_1.TC_17_Open_New_Tab"/>
</testsuite> <!-- project_1.project_1.TC_17_Open_New_Tab -->
