<?xml version="1.0" encoding="UTF-8"?>
<!-- Generated by org.testng.reporters.JUnitReportReporter -->
<testsuite skipped="0" hostname="ARPGL007078" name="project_1.project_1.TC_16_Mouse_Hover_Action" tests="1" failures="0" timestamp="04 Dec 2021 00:11:10 GMT" time="33.381" errors="0">
  <testcase name="Login_Test" time="33.381" classname="project_1.project_1.TC_16_Mouse_Hover_Action"/>
</testsuite> <!-- project_1.project_1.TC_16_Mouse_Hover_Action -->
