<?xml version="1.0" encoding="UTF-8"?>
<!-- Generated by org.testng.reporters.JUnitReportReporter -->
<testsuite skipped="0" hostname="ARPGL007078" name="project_1.project_1.TC_13_Date_Time_Picker" tests="1" failures="0" timestamp="03 Dec 2021 23:11:40 GMT" time="44.331" errors="0">
  <testcase name="Test2" time="44.331" classname="project_1.project_1.TC_13_Date_Time_Picker"/>
</testsuite> <!-- project_1.project_1.TC_13_Date_Time_Picker -->
