<?xml version="1.0" encoding="UTF-8"?>
<!-- Generated by org.testng.reporters.JUnitReportReporter -->
<testsuite skipped="0" hostname="ARPGL007078" name="project_1.project_1.TC_11_Dropdown_List_Box" tests="1" failures="0" timestamp="04 Dec 2021 09:22:39 GMT" time="41.361" errors="0">
  <testcase name="Test1" time="41.361" classname="project_1.project_1.TC_11_Dropdown_List_Box"/>
</testsuite> <!-- project_1.project_1.TC_11_Dropdown_List_Box -->
