<?xml version="1.0" encoding="UTF-8"?>
<!-- Generated by org.testng.reporters.JUnitReportReporter -->
<testsuite skipped="0" hostname="ARPGL007078" name="Page_Object_Model.TC_12_Add_Nationalities" tests="1" failures="0" timestamp="06 Dec 2021 15:41:31 GMT" time="40.001" errors="0">
  <testcase name="TC_12_Nationalities" time="40.001" classname="Page_Object_Model.TC_12_Add_Nationalities"/>
</testsuite> <!-- Page_Object_Model.TC_12_Add_Nationalities -->
