<?xml version="1.0" encoding="UTF-8"?>
<!-- Generated by org.testng.reporters.JUnitReportReporter -->
<testsuite skipped="0" hostname="ARPGL007078" name="different_locators.TC_03_xpath" tests="1" failures="0" timestamp="03 Dec 2021 07:27:42 GMT" time="33.148" errors="0">
  <testcase name="Test2" time="33.148" classname="different_locators.TC_03_xpath"/>
</testsuite> <!-- different_locators.TC_03_xpath -->
