<?xml version="1.0" encoding="UTF-8"?>
<!-- Generated by org.testng.reporters.JUnitReportReporter -->
<testsuite skipped="0" hostname="ARPGL007078" name="project_1.project_1.TC06_WebElement_isDisplayed" tests="1" failures="0" timestamp="02 Dec 2021 15:17:04 GMT" time="19.363" errors="0">
  <testcase name="login_test" time="19.363" classname="project_1.project_1.TC06_WebElement_isDisplayed"/>
</testsuite> <!-- project_1.project_1.TC06_WebElement_isDisplayed -->
