<?xml version="1.0" encoding="UTF-8"?>
<!-- Generated by org.testng.reporters.JUnitReportReporter -->
<testsuite skipped="0" hostname="ARPGL007078" name="different_locators.TC_06_partial_LinkText" tests="1" failures="0" timestamp="03 Dec 2021 08:05:21 GMT" time="31.557" errors="0">
  <testcase name="testTC02" time="31.557" classname="different_locators.TC_06_partial_LinkText"/>
</testsuite> <!-- different_locators.TC_06_partial_LinkText -->
