<?xml version="1.0" encoding="UTF-8"?>
<!-- Generated by org.testng.reporters.JUnitReportReporter -->
<testsuite skipped="0" hostname="ARPGL007078" name="different_locators.TC_002_name" tests="1" failures="0" timestamp="03 Dec 2021 07:15:20 GMT" time="23.444" errors="0">
  <testcase name="Test2" time="23.444" classname="different_locators.TC_002_name"/>
</testsuite> <!-- different_locators.TC_002_name -->
