<?xml version="1.0" encoding="UTF-8"?>
<!-- Generated by org.testng.reporters.JUnitReportReporter -->
<testsuite skipped="0" hostname="ARPGL007078" name="Customizable_Emailable_Report.TC_01_Test_Report" tests="1" failures="0" timestamp="06 Dec 2021 07:17:13 GMT" time="23.418" errors="0">
  <testcase name="TC01_Report" time="23.418" classname="Customizable_Emailable_Report.TC_01_Test_Report"/>
</testsuite> <!-- Customizable_Emailable_Report.TC_01_Test_Report -->
