<?xml version="1.0" encoding="UTF-8"?>
<!-- Generated by org.testng.reporters.JUnitReportReporter -->
<testsuite skipped="0" hostname="ARPGL007078" name="Apache_POI.TC_02_Excel_Test_xlsx" tests="1" failures="0" timestamp="03 Dec 2021 22:46:28 GMT" time="0.886" errors="0">
  <testcase name="hello" time="0.886" classname="Apache_POI.TC_02_Excel_Test_xlsx"/>
</testsuite> <!-- Apache_POI.TC_02_Excel_Test_xlsx -->
