<?xml version="1.0" encoding="UTF-8"?>
<!-- Generated by org.testng.reporters.JUnitReportReporter -->
<testsuite skipped="0" hostname="ARPGL007078" name="project_1.project_1.TC_Login" tests="1" failures="0" timestamp="07 Dec 2021 14:51:05 GMT" time="29.691" errors="0">
  <testcase name="login_test" time="29.691" classname="project_1.project_1.TC_Login"/>
</testsuite> <!-- project_1.project_1.TC_Login -->
